{"numFailedTestSuites":0,"numFailedTests":0,"numPassedTestSuites":1,"numPassedTests":5,"numPendingTestSuites":0,"numPendingTests":0,"numRuntimeErrorTestSuites":0,"numTodoTests":0,"numTotalTestSuites":1,"numTotalTests":5,"openHandles":[],"snapshot":{"added":0,"didUpdate":false,"failure":false,"filesAdded":0,"filesRemoved":0,"filesRemovedList":[],"filesUnmatched":0,"filesUpdated":0,"matched":0,"total":0,"unchecked":0,"uncheckedKeysByFile":[],"unmatched":0,"updated":0},"startTime":1753820655272,"success":true,"testResults":[{"assertionResults":[{"ancestorTitles":["User API"],"duration":196,"failing":false,"failureDetails":[],"failureMessages":[],"fullName":"User API POST /api/users should create a new user","invocations":1,"location":null,"numPassingAsserts":4,"retryReasons":[],"startAt":1753820660368,"status":"passed","title":"POST /api/users should create a new user"},{"ancestorTitles":["User API"],"duration":117,"failing":false,"failureDetails":[],"failureMessages":[],"fullName":"User API GET /api/users should return list of users","invocations":1,"location":null,"numPassingAsserts":4,"retryReasons":[],"startAt":1753820660565,"status":"passed","title":"GET /api/users should return list of users"},{"ancestorTitles":["User API"],"duration":112,"failing":false,"failureDetails":[],"failureMessages":[],"fullName":"User API GET /api/users/:id returns user by ID","invocations":1,"location":null,"numPassingAsserts":2,"retryReasons":[],"startAt":1753820660682,"status":"passed","title":"GET /api/users/:id returns user by ID"},{"ancestorTitles":["User API"],"duration":118,"failing":false,"failureDetails":[],"failureMessages":[],"fullName":"User API PUT /api/users/:id updates user","invocations":1,"location":null,"numPassingAsserts":2,"retryReasons":[],"startAt":1753820660795,"status":"passed","title":"PUT /api/users/:id updates user"},{"ancestorTitles":["User API"],"duration":109,"failing":false,"failureDetails":[],"failureMessages":[],"fullName":"User API DELETE /api/users/:id deletes user","invocations":1,"location":null,"numPassingAsserts":2,"retryReasons":[],"startAt":1753820660914,"status":"passed","title":"DELETE /api/users/:id deletes user"}],"endTime":1753820661229,"message":"","name":"/Users/cpharh/Desktop/monkey_river_team_10/test/UserApi.test.js","startTime":1753820655427,"status":"passed","summary":""}],"wasInterrupted":false,"coverageMap":{"/Users/cpharh/Desktop/monkey_river_team_10/src/API/UserAPI.js":{"path":"/Users/cpharh/Desktop/monkey_river_team_10/src/API/UserAPI.js","statementMap":{"0":{"start":{"line":1,"column":16},"end":{"line":1,"column":34}},"1":{"start":{"line":2,"column":13},"end":{"line":2,"column":43}},"2":{"start":{"line":4,"column":12},"end":{"line":4,"column":21}},"3":{"start":{"line":5,"column":0},"end":{"line":5,"column":24}},"4":{"start":{"line":6,"column":13},"end":{"line":6,"column":37}},"5":{"start":{"line":10,"column":0},"end":{"line":13,"column":3}},"6":{"start":{"line":11,"column":18},"end":{"line":11,"column":55}},"7":{"start":{"line":12,"column":4},"end":{"line":12,"column":20}},"8":{"start":{"line":16,"column":0},"end":{"line":24,"column":3}},"9":{"start":{"line":17,"column":4},"end":{"line":23,"column":5}},"10":{"start":{"line":18,"column":21},"end":{"line":18,"column":75}},"11":{"start":{"line":19,"column":8},"end":{"line":19,"column":78}},"12":{"start":{"line":19,"column":19},"end":{"line":19,"column":78}},"13":{"start":{"line":20,"column":8},"end":{"line":20,"column":23}},"14":{"start":{"line":22,"column":8},"end":{"line":22,"column":63}},"15":{"start":{"line":28,"column":0},"end":{"line":41,"column":3}},"16":{"start":{"line":29,"column":45},"end":{"line":29,"column":53}},"17":{"start":{"line":30,"column":4},"end":{"line":31,"column":76}},"18":{"start":{"line":31,"column":8},"end":{"line":31,"column":76}},"19":{"start":{"line":33,"column":20},"end":{"line":33,"column":62}},"20":{"start":{"line":34,"column":4},"end":{"line":34,"column":25}},"21":{"start":{"line":35,"column":4},"end":{"line":40,"column":7}},"22":{"start":{"line":45,"column":0},"end":{"line":60,"column":3}},"23":{"start":{"line":46,"column":20},"end":{"line":46,"column":35}},"24":{"start":{"line":47,"column":4},"end":{"line":47,"column":50}},"25":{"start":{"line":47,"column":26},"end":{"line":47,"column":50}},"26":{"start":{"line":49,"column":4},"end":{"line":59,"column":5}},"27":{"start":{"line":50,"column":21},"end":{"line":53,"column":30}},"28":{"start":{"line":55,"column":8},"end":{"line":55,"column":78}},"29":{"start":{"line":55,"column":19},"end":{"line":55,"column":78}},"30":{"start":{"line":56,"column":8},"end":{"line":56,"column":23}},"31":{"start":{"line":58,"column":8},"end":{"line":58,"column":65}},"32":{"start":{"line":64,"column":0},"end":{"line":72,"column":3}},"33":{"start":{"line":65,"column":4},"end":{"line":71,"column":5}},"34":{"start":{"line":66,"column":21},"end":{"line":66,"column":64}},"35":{"start":{"line":67,"column":8},"end":{"line":67,"column":78}},"36":{"start":{"line":67,"column":19},"end":{"line":67,"column":78}},"37":{"start":{"line":68,"column":8},"end":{"line":68,"column":59}},"38":{"start":{"line":70,"column":8},"end":{"line":70,"column":63}},"39":{"start":{"line":76,"column":0},"end":{"line":76,"column":21}}},"fnMap":{"0":{"name":"(anonymous_0)","decl":{"start":{"line":10,"column":22},"end":{"line":10,"column":23}},"loc":{"start":{"line":10,"column":42},"end":{"line":13,"column":1}},"line":10},"1":{"name":"(anonymous_1)","decl":{"start":{"line":16,"column":26},"end":{"line":16,"column":27}},"loc":{"start":{"line":16,"column":46},"end":{"line":24,"column":1}},"line":16},"2":{"name":"(anonymous_2)","decl":{"start":{"line":28,"column":23},"end":{"line":28,"column":24}},"loc":{"start":{"line":28,"column":43},"end":{"line":41,"column":1}},"line":28},"3":{"name":"(anonymous_3)","decl":{"start":{"line":45,"column":26},"end":{"line":45,"column":27}},"loc":{"start":{"line":45,"column":46},"end":{"line":60,"column":1}},"line":45},"4":{"name":"(anonymous_4)","decl":{"start":{"line":64,"column":29},"end":{"line":64,"column":30}},"loc":{"start":{"line":64,"column":49},"end":{"line":72,"column":1}},"line":64}},"branchMap":{"0":{"loc":{"start":{"line":6,"column":13},"end":{"line":6,"column":37}},"type":"binary-expr","locations":[{"start":{"line":6,"column":13},"end":{"line":6,"column":29}},{"start":{"line":6,"column":33},"end":{"line":6,"column":37}}],"line":6},"1":{"loc":{"start":{"line":19,"column":8},"end":{"line":19,"column":78}},"type":"if","locations":[{"start":{"line":19,"column":8},"end":{"line":19,"column":78}},{"start":{},"end":{}}],"line":19},"2":{"loc":{"start":{"line":30,"column":4},"end":{"line":31,"column":76}},"type":"if","locations":[{"start":{"line":30,"column":4},"end":{"line":31,"column":76}},{"start":{},"end":{}}],"line":30},"3":{"loc":{"start":{"line":30,"column":8},"end":{"line":30,"column":53}},"type":"binary-expr","locations":[{"start":{"line":30,"column":8},"end":{"line":30,"column":13}},{"start":{"line":30,"column":17},"end":{"line":30,"column":31}},{"start":{"line":30,"column":35},"end":{"line":30,"column":40}},{"start":{"line":30,"column":44},"end":{"line":30,"column":53}}],"line":30},"4":{"loc":{"start":{"line":47,"column":4},"end":{"line":47,"column":50}},"type":"if","locations":[{"start":{"line":47,"column":4},"end":{"line":47,"column":50}},{"start":{},"end":{}}],"line":47},"5":{"loc":{"start":{"line":55,"column":8},"end":{"line":55,"column":78}},"type":"if","locations":[{"start":{"line":55,"column":8},"end":{"line":55,"column":78}},{"start":{},"end":{}}],"line":55},"6":{"loc":{"start":{"line":67,"column":8},"end":{"line":67,"column":78}},"type":"if","locations":[{"start":{"line":67,"column":8},"end":{"line":67,"column":78}},{"start":{},"end":{}}],"line":67}},"s":{"0":1,"1":1,"2":1,"3":1,"4":1,"5":1,"6":1,"7":1,"8":1,"9":1,"10":1,"11":1,"12":0,"13":1,"14":0,"15":1,"16":1,"17":1,"18":0,"19":1,"20":1,"21":1,"22":1,"23":1,"24":1,"25":0,"26":1,"27":1,"28":1,"29":0,"30":1,"31":0,"32":1,"33":1,"34":1,"35":1,"36":0,"37":1,"38":0,"39":1},"f":{"0":1,"1":1,"2":1,"3":1,"4":1},"b":{"0":[1,1],"1":[0,1],"2":[0,1],"3":[1,1,1,1],"4":[0,1],"5":[0,1],"6":[0,1]},"_coverageSchema":"1a1c01bbd47fc00a2c39e90264f33305004495a9","hash":"759bd759c4b57ebbb26ba45919c6a8b15c9e8801"},"/Users/cpharh/Desktop/monkey_river_team_10/src/model/UserSchema.js":{"path":"/Users/cpharh/Desktop/monkey_river_team_10/src/model/UserSchema.js","statementMap":{"0":{"start":{"line":1,"column":17},"end":{"line":1,"column":36}},"1":{"start":{"line":2,"column":15},"end":{"line":2,"column":32}},"2":{"start":{"line":4,"column":19},"end":{"line":9,"column":24}},"3":{"start":{"line":13,"column":0},"end":{"line":22,"column":3}},"4":{"start":{"line":14,"column":4},"end":{"line":14,"column":52}},"5":{"start":{"line":14,"column":38},"end":{"line":14,"column":52}},"6":{"start":{"line":15,"column":4},"end":{"line":21,"column":5}},"7":{"start":{"line":16,"column":21},"end":{"line":16,"column":45}},"8":{"start":{"line":17,"column":8},"end":{"line":17,"column":63}},"9":{"start":{"line":18,"column":8},"end":{"line":18,"column":15}},"10":{"start":{"line":20,"column":8},"end":{"line":20,"column":18}},"11":{"start":{"line":24,"column":0},"end":{"line":24,"column":52}}},"fnMap":{"0":{"name":"(anonymous_0)","decl":{"start":{"line":13,"column":23},"end":{"line":13,"column":24}},"loc":{"start":{"line":13,"column":45},"end":{"line":22,"column":1}},"line":13}},"branchMap":{"0":{"loc":{"start":{"line":14,"column":4},"end":{"line":14,"column":52}},"type":"if","locations":[{"start":{"line":14,"column":4},"end":{"line":14,"column":52}},{"start":{},"end":{}}],"line":14}},"s":{"0":1,"1":1,"2":1,"3":1,"4":5,"5":0,"6":5,"7":5,"8":5,"9":5,"10":0,"11":1},"f":{"0":5},"b":{"0":[0,5]},"_coverageSchema":"1a1c01bbd47fc00a2c39e90264f33305004495a9","hash":"f10590c6e47b6aabb653eac2c32f781f7e1771cf"}}}
