{"numFailedTestSuites":1,"numFailedTests":0,"numPassedTestSuites":0,"numPassedTests":0,"numPendingTestSuites":0,"numPendingTests":0,"numRuntimeErrorTestSuites":1,"numTodoTests":0,"numTotalTestSuites":1,"numTotalTests":0,"openHandles":[],"snapshot":{"added":0,"didUpdate":false,"failure":false,"filesAdded":0,"filesRemoved":0,"filesRemovedList":[],"filesUnmatched":0,"filesUpdated":0,"matched":0,"total":0,"unchecked":0,"uncheckedKeysByFile":[],"unmatched":0,"updated":0},"startTime":1753826087892,"success":false,"testResults":[{"assertionResults":[],"coverage":{},"endTime":1753826089530,"message":"  \u001b[1m● \u001b[22mTest suite failed to run\n\n    Cannot find module '../src/API/UserAPI' from 'test/UserApi.test.js'\n\n    \u001b[0m \u001b[90m 2 |\u001b[39m \u001b[36mconst\u001b[39m mongoose \u001b[33m=\u001b[39m require(\u001b[32m'mongoose'\u001b[39m)\u001b[33m;\u001b[39m\n     \u001b[90m 3 |\u001b[39m \u001b[36mconst\u001b[39m { \u001b[33mMongoMemoryServer\u001b[39m } \u001b[33m=\u001b[39m require(\u001b[32m'mongodb-memory-server'\u001b[39m)\u001b[33m;\u001b[39m\n    \u001b[31m\u001b[1m>\u001b[22m\u001b[39m\u001b[90m 4 |\u001b[39m \u001b[36mconst\u001b[39m app \u001b[33m=\u001b[39m require(\u001b[32m'../src/API/UserAPI'\u001b[39m)\u001b[33m;\u001b[39m \n     \u001b[90m   |\u001b[39m             \u001b[31m\u001b[1m^\u001b[22m\u001b[39m\n     \u001b[90m 5 |\u001b[39m \u001b[36mconst\u001b[39m \u001b[33mUser\u001b[39m \u001b[33m=\u001b[39m require(\u001b[32m'../src/model/UserSchema'\u001b[39m)\u001b[33m;\u001b[39m\n     \u001b[90m 6 |\u001b[39m\n     \u001b[90m 7 |\u001b[39m \u001b[36mlet\u001b[39m mongoServer\u001b[33m;\u001b[39m\u001b[0m\n\n      \u001b[2mat Resolver._throwModNotFoundError (\u001b[22mnode_modules/.pnpm/jest-resolve@30.0.5/node_modules/jest-resolve/build/index.js\u001b[2m:863:11)\u001b[22m\n      \u001b[2mat Object.require (\u001b[22m\u001b[0m\u001b[36mtest/UserApi.test.js\u001b[39m\u001b[0m\u001b[2m:4:13)\u001b[22m\n","name":"/Users/cpharh/Desktop/monkey_river_team_10/test/UserApi.test.js","startTime":1753826089530,"status":"failed","summary":""}],"wasInterrupted":false,"coverageMap":{}}
